<?xml version="1.0" encoding="UTF-8"?>
<!-- Generated by org.testng.reporters.JUnitXMLReporter -->
<testsuite ignored="0" hostname="DESKTOP-HEKED5N" failures="0" tests="3" name="Test2" time="16.182" errors="0" timestamp="2025-07-30T19:35:13 IST">
  <testcase classname="Campaign.CampaignTest" name="tocreateCampaignwithExpectedDAteTest" time="1.823"/>
  <testcase classname="Campaign.CampaignTest" name="tocreateCampaignwithMandatoryFiles1Test" time="1.415"/>
  <testcase classname="Campaign.CampaignTest" name="tocreateCampaignwithMandatoryFilesTest" time="1.255"/>
</testsuite> <!-- Test2 -->
