<?xml version="1.0" encoding="UTF-8"?>
<!-- Generated by org.testng.reporters.JUnitXMLReporter -->
<testsuite ignored="5" hostname="DESKTOP-HEKED5N" failures="0" tests="1" name="Test" time="9.353" errors="0" timestamp="2025-07-30T19:32:11 IST">
  <testcase classname="Campaign.CampaignTest" name="tocreateCampaignwithExpectedDAteTest" time="2.198"/>
  <testcase classname="Product.ProductTest" name="toCreateProductWithMandatoryDetails" time="0.0">
    <ignored/>
  </testcase> <!-- toCreateProductWithMandatoryDetails -->
  <testcase classname="BaseTest.BaseClass" name="@BeforeSuite beforeSuite" time="0.0">
    <ignored/>
  </testcase> <!-- @BeforeSuite beforeSuite -->
  <testcase classname="Campaign.CampaignTest" name="tocreateCampaignwithMandatoryFiles1Test" time="0.0">
    <ignored/>
  </testcase> <!-- tocreateCampaignwithMandatoryFiles1Test -->
  <testcase classname="Campaign.CampaignTest" name="tocreateCampaignwithMandatoryFilesTest" time="0.0">
    <ignored/>
  </testcase> <!-- tocreateCampaignwithMandatoryFilesTest -->
  <testcase classname="BaseTest.BaseClass" name="@AfterSuite afterSuite" time="0.0">
    <ignored/>
  </testcase> <!-- @AfterSuite afterSuite -->
</testsuite> <!-- Test -->
